#
# A fatal error has been detected by the Java Runtime Environment:
#
#  Internal Error (javaCalls.cpp:51), pid=1924, tid=0x0000000000002a7c
#  guarantee(thread->is_Java_thread()) failed: crucial check - the VM thread cannot and must not escape to Java code
#
# JRE version: Java(TM) SE Runtime Environment (8.0_181-b13) (build 1.8.0_181-b13)
# Java VM: Java HotSpot(TM) 64-Bit Server VM (25.181-b13 mixed mode windows-amd64 compressed oops)
# Failed to write core dump. Minidumps are not enabled by default on client versions of Windows
#
# If you would like to submit a bug report, please visit:
#   http://bugreport.java.com/bugreport/crash.jsp
#

---------------  T H R E A D  ---------------

Current thread (0x0000000017b68000):  VMThread [stack: 0x0000000018bf0000,0x0000000018cf0000] [id=10876]

Stack: [0x0000000018bf0000,0x0000000018cf0000]
[error occurred during error reporting (printing stack bounds), id 0xc0000005]

Native frames: (J=compiled Java code, j=interpreted, Vv=VM code, C=native code)

VM_Operation (0x000000001964f320): GetOrSetLocal, mode: safepoint, requested by thread 0x0000000017ba9800


---------------  P R O C E S S  ---------------

Java Threads: ( => current thread )
  0x0000000019988800 JavaThread "Service Thread" daemon [_thread_blocked, id=15092, stack(0x0000000019f50000,0x000000001a050000)]
  0x00000000199e3800 JavaThread "C1 CompilerThread2" daemon [_thread_blocked, id=7988, stack(0x0000000019e50000,0x0000000019f50000)]
  0x0000000019945000 JavaThread "C2 CompilerThread1" daemon [_thread_blocked, id=2540, stack(0x0000000019d50000,0x0000000019e50000)]
  0x00000000199d8800 JavaThread "C2 CompilerThread0" daemon [_thread_blocked, id=728, stack(0x0000000019c50000,0x0000000019d50000)]
  0x0000000017bb8000 JavaThread "JDWP Command Reader" daemon [_thread_in_native, id=11792, stack(0x0000000019750000,0x0000000019850000)]
  0x0000000017bb4000 JavaThread "JDWP Event Helper Thread" daemon [_thread_blocked, id=12820, stack(0x0000000019650000,0x0000000019750000)]
  0x0000000017ba9800 JavaThread "JDWP Transport Listener: dt_socket" daemon [_thread_blocked, id=12844, stack(0x0000000019550000,0x0000000019650000)]
  0x0000000017b9f800 JavaThread "Attach Listener" daemon [_thread_blocked, id=2580, stack(0x0000000019110000,0x0000000019210000)]
  0x0000000017b9e000 JavaThread "Signal Dispatcher" daemon [_thread_blocked, id=9824, stack(0x0000000019010000,0x0000000019110000)]
  0x0000000017b8a000 JavaThread "Finalizer" daemon [_thread_blocked, id=13908, stack(0x0000000018df0000,0x0000000018ef0000)]
  0x0000000003073000 JavaThread "Reference Handler" daemon [_thread_blocked, id=7964, stack(0x0000000018cf0000,0x0000000018df0000)]
  0x0000000002f83000 JavaThread "main" [_thread_blocked, id=6072, stack(0x0000000002d70000,0x0000000002e70000)]

Other Threads:
=>0x0000000017b68000 VMThread [stack: 0x0000000018bf0000,0x0000000018cf0000] [id=10876]
  0x00000000198fb800 WatcherThread [stack: 0x000000001a050000,0x000000001a150000] [id=14872]

VM state:at safepoint (normal execution)

VM Mutex/Monitor currently owned by a thread:  ([mutex/lock_event])
[0x000000000117e2d0] Threads_lock - owner thread: 0x0000000017b68000

Heap:
 PSYoungGen      total 38400K, used 6083K [0x00000000d5f80000, 0x00000000d8a00000, 0x0000000100000000)
  eden space 33280K, 18% used [0x00000000d5f80000,0x00000000d6570fb8,0x00000000d8000000)
  from space 5120K, 0% used [0x00000000d8500000,0x00000000d8500000,0x00000000d8a00000)
  to   space 5120K, 0% used [0x00000000d8000000,0x00000000d8000000,0x00000000d8500000)
 ParOldGen       total 87552K, used 0K [0x0000000081e00000, 0x0000000087380000, 0x00000000d5f80000)
  object space 87552K, 0% used [0x0000000081e00000,0x0000000081e00000,0x0000000087380000)
 Metaspace       used 4788K, capacity 4962K, committed 5248K, reserved 1056768K
  class space    used 510K, capacity 529K, committed 640K, reserved 1048576K

Card table byte_map: [0x0000000012440000,0x0000000012840000] byte_map_base: 0x0000000012031000

Marking Bits: (ParMarkBitMap*) 0x000000006e422d00
 Begin Bits: [0x0000000012ef0000, 0x0000000014e78000)
 End Bits:   [0x0000000014e78000, 0x0000000016e00000)

Polling page: 0x0000000001160000

CodeCache: size=245760Kb used=1479Kb max_used=1479Kb free=244280Kb
 bounds [0x0000000003080000, 0x00000000032f0000, 0x0000000012080000]
 total_blobs=460 nmethods=177 adapters=204
 compilation: enabled

Compilation events (10 events):
Event: 1355.200 Thread 0x00000000199e3800  173       3       org.eclipse.jdt.launching.internal.org.objectweb.asm.ByteVector::putInt (74 bytes)
Event: 1355.201 Thread 0x00000000199e3800 nmethod 173 0x00000000031ed710 code [0x00000000031ed880, 0x00000000031edb28]
Event: 1945.346 Thread 0x00000000199e3800  174       3       org.eclipse.jdt.launching.internal.org.objectweb.asm.ByteVector::put122 (93 bytes)
Event: 1945.347 Thread 0x00000000199e3800 nmethod 174 0x00000000031edcd0 code [0x00000000031ede40, 0x00000000031ee108]
Event: 1945.347 Thread 0x00000000199e3800  175       3       org.eclipse.jdt.launching.internal.org.objectweb.asm.SymbolTable::addConstantClass (8 bytes)
Event: 1945.347 Thread 0x00000000199e3800 nmethod 175 0x00000000031ee310 code [0x00000000031ee480, 0x00000000031ee628]
Event: 1945.347 Thread 0x00000000199e3800  176       3       org.eclipse.jdt.launching.internal.org.objectweb.asm.ClassReader::readVerificationTypeInfo (184 bytes)
Event: 1945.349 Thread 0x00000000199e3800 nmethod 176 0x00000000031ee6d0 code [0x00000000031ee9a0, 0x00000000031f01c8]
Event: 1945.350 Thread 0x00000000199e3800  177       3       org.eclipse.jdt.launching.internal.org.objectweb.asm.MethodWriter::putFrameType (83 bytes)
Event: 1945.351 Thread 0x00000000199e3800 nmethod 177 0x00000000031f1790 code [0x00000000031f19a0, 0x00000000031f23d8]

GC Heap History (0 events):
No events

Deoptimization events (0 events):
No events

Classes redefined (4 events):
Event: 1148.672 Thread 0x0000000017b68000 redefined class name=Algo, count=1
Event: 1185.420 Thread 0x0000000017b68000 redefined class name=Turbine, count=1
Event: 1355.202 Thread 0x0000000017b68000 redefined class name=Turbine, count=2
Event: 1945.350 Thread 0x0000000017b68000 redefined class name=Algo, count=2

Internal exceptions (2 events):
Event: 0.069 Thread 0x0000000002f83000 Exception <a 'java/lang/NoSuchMethodError': Method sun.misc.Unsafe.defineClass(Ljava/lang/String;[BII)Ljava/lang/Class; name or signature does not match> (0x00000000d5f87cb0) thrown at [C:\re\workspace\8-2-build-windows-amd64-cygwin\jdk8u181\11358\hotspot
Event: 0.069 Thread 0x0000000002f83000 Exception <a 'java/lang/NoSuchMethodError': Method sun.misc.Unsafe.prefetchRead(Ljava/lang/Object;J)V name or signature does not match> (0x00000000d5f87f98) thrown at [C:\re\workspace\8-2-build-windows-amd64-cygwin\jdk8u181\11358\hotspot\src\share\vm\prim

Events (10 events):
Event: 1945.357 Executing VM operation: ChangeBreakpoints done
Event: 1945.363 Executing VM operation: ChangeBreakpoints
Event: 1945.364 Executing VM operation: ChangeBreakpoints done
Event: 1945.371 Executing VM operation: ChangeBreakpoints
Event: 1945.371 Executing VM operation: ChangeBreakpoints done
Event: 1945.444 Executing VM operation: GetOwnedMonitorInfo
Event: 1945.444 Executing VM operation: GetOwnedMonitorInfo done
Event: 1945.444 Executing VM operation: GetCurrentContendedMonitor
Event: 1945.445 Executing VM operation: GetCurrentContendedMonitor done
Event: 1981.823 Executing VM operation: GetOrSetLocal


Dynamic libraries:
0x00007ff730cb0000 - 0x00007ff730ce7000 	C:\java\bin\javaw.exe
0x00007ffec9020000 - 0x00007ffec9201000 	C:\WINDOWS\SYSTEM32\ntdll.dll
0x00007ffeb2300000 - 0x00007ffeb2314000 	C:\Program Files\AVAST Software\Avast\x64\aswhooka.dll
0x00007ffec70f0000 - 0x00007ffec71a2000 	C:\WINDOWS\System32\KERNEL32.DLL
0x00007ffec5720000 - 0x00007ffec5993000 	C:\WINDOWS\System32\KERNELBASE.dll
0x00007ffec64b0000 - 0x00007ffec6551000 	C:\WINDOWS\System32\ADVAPI32.dll
0x00007ffec8dc0000 - 0x00007ffec8e5e000 	C:\WINDOWS\System32\msvcrt.dll
0x00007ffec7520000 - 0x00007ffec757b000 	C:\WINDOWS\System32\sechost.dll
0x00007ffec8e60000 - 0x00007ffec8f84000 	C:\WINDOWS\System32\RPCRT4.dll
0x00007ffec6570000 - 0x00007ffec6700000 	C:\WINDOWS\System32\USER32.dll
0x00007ffec59a0000 - 0x00007ffec59c0000 	C:\WINDOWS\System32\win32u.dll
0x00007ffec71b0000 - 0x00007ffec71d8000 	C:\WINDOWS\System32\GDI32.dll
0x00007ffec59c0000 - 0x00007ffec5b52000 	C:\WINDOWS\System32\gdi32full.dll
0x00007ffec5680000 - 0x00007ffec571f000 	C:\WINDOWS\System32\msvcp_win.dll
0x00007ffec5580000 - 0x00007ffec567a000 	C:\WINDOWS\System32\ucrtbase.dll
0x00007ffeb7550000 - 0x00007ffeb77b9000 	C:\WINDOWS\WinSxS\amd64_microsoft.windows.common-controls_6595b64144ccf1df_6.0.17134.407_none_fb449d63306391e9\COMCTL32.dll
0x00007ffec68a0000 - 0x00007ffec6bc2000 	C:\WINDOWS\System32\combase.dll
0x00007ffec5500000 - 0x00007ffec557a000 	C:\WINDOWS\System32\bcryptPrimitives.dll
0x00007ffec8d30000 - 0x00007ffec8d5d000 	C:\WINDOWS\System32\IMM32.DLL
0x000000006d950000 - 0x000000006da22000 	C:\java\bin\msvcr100.dll
0x000000006dc00000 - 0x000000006e4a2000 	C:\java\bin\server\jvm.dll
0x00007ffec6560000 - 0x00007ffec6568000 	C:\WINDOWS\System32\PSAPI.DLL
0x00007ffec0220000 - 0x00007ffec0229000 	C:\WINDOWS\SYSTEM32\WSOCK32.dll
0x00007ffec75e0000 - 0x00007ffec764c000 	C:\WINDOWS\System32\WS2_32.dll
0x00007ffebd040000 - 0x00007ffebd063000 	C:\WINDOWS\SYSTEM32\WINMM.dll
0x00007ffeb8110000 - 0x00007ffeb811a000 	C:\WINDOWS\SYSTEM32\VERSION.dll
0x00007ffebd010000 - 0x00007ffebd03a000 	C:\WINDOWS\SYSTEM32\WINMMBASE.dll
0x00007ffec5d50000 - 0x00007ffec5d99000 	C:\WINDOWS\System32\cfgmgr32.dll
0x000000006db10000 - 0x000000006db1f000 	C:\java\bin\verify.dll
0x000000006dae0000 - 0x000000006db09000 	C:\java\bin\java.dll
0x000000006d910000 - 0x000000006d945000 	C:\java\bin\jdwp.dll
0x000000006d900000 - 0x000000006d908000 	C:\java\bin\npt.dll
0x000000006d8d0000 - 0x000000006d8f3000 	C:\java\bin\instrument.dll
0x000000006dac0000 - 0x000000006dad6000 	C:\java\bin\zip.dll
0x00007ffec78f0000 - 0x00007ffec8d2f000 	C:\WINDOWS\System32\SHELL32.dll
0x00007ffec7030000 - 0x00007ffec70d9000 	C:\WINDOWS\System32\shcore.dll
0x00007ffec5da0000 - 0x00007ffec64ad000 	C:\WINDOWS\System32\windows.storage.dll
0x00007ffec8d60000 - 0x00007ffec8db1000 	C:\WINDOWS\System32\shlwapi.dll
0x00007ffec5370000 - 0x00007ffec5381000 	C:\WINDOWS\System32\kernel.appcore.dll
0x00007ffec5350000 - 0x00007ffec536f000 	C:\WINDOWS\System32\profapi.dll
0x00007ffec53a0000 - 0x00007ffec53ec000 	C:\WINDOWS\System32\powrprof.dll
0x00007ffec5390000 - 0x00007ffec539a000 	C:\WINDOWS\System32\FLTLIB.DLL
0x000000006d8c0000 - 0x000000006d8c9000 	C:\java\bin\dt_socket.dll
0x00007ffebfc50000 - 0x00007ffebfc66000 	C:\WINDOWS\system32\napinsp.dll
0x00007ffebcbe0000 - 0x00007ffebcbfa000 	C:\WINDOWS\system32\pnrpnsp.dll
0x00007ffec16a0000 - 0x00007ffec16b9000 	C:\WINDOWS\system32\NLAapi.dll
0x00007ffec4bb0000 - 0x00007ffec4c16000 	C:\WINDOWS\System32\mswsock.dll
0x00007ffec4970000 - 0x00007ffec4a2e000 	C:\WINDOWS\SYSTEM32\DNSAPI.dll
0x00007ffec7020000 - 0x00007ffec7028000 	C:\WINDOWS\System32\NSI.dll
0x00007ffec4930000 - 0x00007ffec4968000 	C:\WINDOWS\SYSTEM32\IPHLPAPI.DLL
0x00007ffec0210000 - 0x00007ffec021e000 	C:\WINDOWS\System32\winrnr.dll
0x00007ffebf3e0000 - 0x00007ffebf3f5000 	C:\WINDOWS\System32\wshbth.dll
0x00007ffebeeb0000 - 0x00007ffebef22000 	C:\WINDOWS\System32\fwpuclnt.dll
0x00007ffec4e90000 - 0x00007ffec4eb5000 	C:\WINDOWS\SYSTEM32\bcrypt.dll
0x00007ffebe570000 - 0x00007ffebe57a000 	C:\Windows\System32\rasadhlp.dll

VM Arguments:
jvm_args: -agentlib:jdwp=transport=dt_socket,suspend=y,address=localhost:63224 -javaagent:C:\Users\Sandrine\eclipse\jee-photon\eclipse\configuration\org.eclipse.osgi\418\0\.cp\lib\javaagent-shaded.jar -Dfile.encoding=Cp1252 
java_command: Algo
java_class_path (initial): C:\java\lib\resources.jar;C:\java\lib\rt.jar;C:\java\lib\jsse.jar;C:\java\lib\jce.jar;C:\java\lib\charsets.jar;C:\java\lib\jfr.jar;C:\java\lib\ext\access-bridge-64.jar;C:\java\lib\ext\cldrdata.jar;C:\java\lib\ext\dnsns.jar;C:\java\lib\ext\jaccess.jar;C:\java\lib\ext\jfxrt.jar;C:\java\lib\ext\localedata.jar;C:\java\lib\ext\nashorn.jar;C:\java\lib\ext\sunec.jar;C:\java\lib\ext\sunjce_provider.jar;C:\java\lib\ext\sunmscapi.jar;C:\java\lib\ext\sunpkcs11.jar;C:\java\lib\ext\zipfs.jar;C:\Users\Sandrine\Documents\Opti\ProgrammationDynamique\bin;C:\Users\Sandrine\eclipse\jee-photon\eclipse\configuration\org.eclipse.osgi\418\0\.cp\lib\javaagent-shaded.jar
Launcher Type: SUN_STANDARD

Environment Variables:
PATH=C:/java/bin/server;C:/java/bin;C:/java/lib/amd64;C:\Program Files (x86)\Common Files\Oracle\Java\javapath;C:\WINDOWS\system32;C:\WINDOWS;C:\WINDOWS\System32\Wbem;C:\WINDOWS\System32\WindowsPowerShell\v1.0\;C:\Program Files (x86)\Intel\OpenCL SDK\2.0\bin\x86;C:\Program Files (x86)\Intel\OpenCL SDK\2.0\bin\x64;C:\WINDOWS\System32\OpenSSH\;C:\Program Files\Git\cmd;C:\Program Files\nodejs\;C:\Program Files\MATLAB\R2018b\bin;C:\Program Files (x86)\Intel\OpenCL SDK\2.0\bin\x86;C:\Program Files (x86)\Intel\OpenCL SDK\2.0\bin\x64;C:\Program Files (x86)\Intel\OpenCL SDK\2.0\bin\x86;C:\Program Files (x86)\Intel\OpenCL SDK\2.0\bin\x64;C:\Users\Sandrine\AppData\Local\Microsoft\WindowsApps;C:\Users\Sandrine\AppData\Local\Programs\Microsoft VS Code\bin;C:\Users\Sandrine\AppData\Roaming\npm;C:\Users\Sandrine\Desktop;
USERNAME=Sandrine
OS=Windows_NT
PROCESSOR_IDENTIFIER=Intel64 Family 6 Model 58 Stepping 9, GenuineIntel



---------------  S Y S T E M  ---------------

OS: Windows 10.0 , 64 bit Build 17134 (10.0.17134.1)

CPU:total 4 (initial active 4) (2 cores per cpu, 2 threads per core) family 6 model 58 stepping 9, cmov, cx8, fxsr, mmx, sse, sse2, sse3, ssse3, sse4.1, sse4.2, popcnt, avx, clmul, erms, ht, tsc, tscinvbit, tscinv

Memory: 4k page, physical 8265264k(3186220k free), swap 9575984k(1806416k free)

vm_info: Java HotSpot(TM) 64-Bit Server VM (25.181-b13) for windows-amd64 JRE (1.8.0_181-b13), built on Jul  7 2018 04:01:33 by "java_re" with MS VC++ 10.0 (VS2010)

time: Sun Nov 25 16:56:36 2018
elapsed time: 1981 seconds (0d 0h 33m 1s)

